{
  "stats": {
    "suites": 1,
    "tests": 3,
    "passes": 1,
    "pending": 0,
    "failures": 2,
    "start": "2025-05-24T07:34:22.770Z",
    "end": "2025-05-24T07:34:45.722Z",
    "duration": 22952,
    "testsRegistered": 3,
    "passPercent": 33.33333333333333,
    "pendingPercent": 0,
    "other": 0,
    "hasOther": false,
    "skipped": 0,
    "hasSkipped": false
  },
  "results": [
    {
      "uuid": "cb664ff4-7cae-4e16-b92e-d80129f64221",
      "title": "",
      "fullFile": "e2e\\TS_LOGIN.cy.js",
      "file": "e2e\\TS_LOGIN.cy.js",
      "beforeHooks": [],
      "afterHooks": [],
      "tests": [],
      "suites": [
        {
          "uuid": "52df5c11-d648-4767-bfca-9a4505092725",
          "title": "Login NBS Web (Loop)",
          "fullFile": "",
          "file": "",
          "beforeHooks": [],
          "afterHooks": [],
          "tests": [
            {
              "title": "login as boss should pass",
              "fullTitle": "Login NBS Web (Loop) login as boss should pass",
              "timedOut": null,
              "duration": 13020,
              "state": "failed",
              "speed": null,
              "pass": false,
              "fail": true,
              "pending": false,
              "context": null,
              "code": "cy.visit(url.LOGIN_PAGE);\ncy.wait(1000);\ncy.get('#username').type(tc.username, {\n  delay: 200\n});\ncy.wait(1000);\ncy.get('#password').type(tc.password, {\n  delay: 200\n});\ncy.wait(1000);\ncy.get('button[name=\"loginButton\"]').click();\ncy.wait(2000);\nif (tc.expectSuccess) {\n  cy.get('body').then($body => {\n    if ($body.find(assertion.USER_LOGIN_SINCE_ID).length > 0) {\n      cy.get(assertion.USER_LOGIN_SINCE_ID).should('contain.text', tc.expectText);\n      cy.get('.user-action').should('contain.text', tc.expectUser);\n    } else {\n      cy.log('ไม่พบ ' + assertion.USER_LOGIN_SINCE_ID + ' จะ reload และลองใหม่');\n      cy.reload();\n      cy.wait(1000);\n      cy.get('#username').type(tc.username, {\n        delay: 200\n      });\n      cy.wait(1000);\n      cy.get('#password').type(tc.password, {\n        delay: 200\n      });\n      cy.wait(1000);\n      cy.get('button[name=\"loginButton\"]').click();\n      cy.wait(2000);\n      cy.get(assertion.USER_LOGIN_SINCE_ID).should('contain.text', tc.expectText);\n      cy.get('.user-action').should('contain.text', tc.expectUser);\n    }\n  });\n} else {\n  cy.get('body').should('contain.text', tc.expectText).or('contain.text', 'Unknown');\n}",
              "err": {
                "message": "AssertionError: Timed out retrying after 4000ms: expected '[ <a.user-action>, 1 more... ]' to contain text 'boss', but the text was 'Bossออกจากระบบ'",
                "estack": "AssertionError: Timed out retrying after 4000ms: expected '[ <a.user-action>, 1 more... ]' to contain text 'boss', but the text was 'Bossออกจากระบบ'\n    at Context.eval (webpack://cypress-project/./e2e/TS_LOGIN.cy.js:38:35)",
                "diff": "- 'Bossออกจากระบบ'\n+ 'boss'\n"
              },
              "uuid": "4b7c8206-3ee6-4c35-8db3-7f6f5306835a",
              "parentUUID": "52df5c11-d648-4767-bfca-9a4505092725",
              "isHook": false,
              "skipped": false
            },
            {
              "title": "login as pre1 should pass",
              "fullTitle": "Login NBS Web (Loop) login as pre1 should pass",
              "timedOut": null,
              "duration": 8101,
              "state": "passed",
              "speed": "medium",
              "pass": true,
              "fail": false,
              "pending": false,
              "context": null,
              "code": "cy.visit(url.LOGIN_PAGE);\ncy.wait(1000);\ncy.get('#username').type(tc.username, {\n  delay: 200\n});\ncy.wait(1000);\ncy.get('#password').type(tc.password, {\n  delay: 200\n});\ncy.wait(1000);\ncy.get('button[name=\"loginButton\"]').click();\ncy.wait(2000);\nif (tc.expectSuccess) {\n  cy.get('body').then($body => {\n    if ($body.find(assertion.USER_LOGIN_SINCE_ID).length > 0) {\n      cy.get(assertion.USER_LOGIN_SINCE_ID).should('contain.text', tc.expectText);\n      cy.get('.user-action').should('contain.text', tc.expectUser);\n    } else {\n      cy.log('ไม่พบ ' + assertion.USER_LOGIN_SINCE_ID + ' จะ reload และลองใหม่');\n      cy.reload();\n      cy.wait(1000);\n      cy.get('#username').type(tc.username, {\n        delay: 200\n      });\n      cy.wait(1000);\n      cy.get('#password').type(tc.password, {\n        delay: 200\n      });\n      cy.wait(1000);\n      cy.get('button[name=\"loginButton\"]').click();\n      cy.wait(2000);\n      cy.get(assertion.USER_LOGIN_SINCE_ID).should('contain.text', tc.expectText);\n      cy.get('.user-action').should('contain.text', tc.expectUser);\n    }\n  });\n} else {\n  cy.get('body').should('contain.text', tc.expectText).or('contain.text', 'Unknown');\n}",
              "err": {},
              "uuid": "6dedfd58-89e2-46de-aaaa-e316bb9bb6a1",
              "parentUUID": "52df5c11-d648-4767-bfca-9a4505092725",
              "isHook": false,
              "skipped": false
            },
            {
              "title": "login as xxx should fail",
              "fullTitle": "Login NBS Web (Loop) login as xxx should fail",
              "timedOut": null,
              "duration": 201,
              "state": "failed",
              "speed": null,
              "pass": false,
              "fail": true,
              "pending": false,
              "context": null,
              "code": "cy.visit(url.LOGIN_PAGE);\ncy.wait(1000);\ncy.get('#username').type(tc.username, {\n  delay: 200\n});\ncy.wait(1000);\ncy.get('#password').type(tc.password, {\n  delay: 200\n});\ncy.wait(1000);\ncy.get('button[name=\"loginButton\"]').click();\ncy.wait(2000);\nif (tc.expectSuccess) {\n  cy.get('body').then($body => {\n    if ($body.find(assertion.USER_LOGIN_SINCE_ID).length > 0) {\n      cy.get(assertion.USER_LOGIN_SINCE_ID).should('contain.text', tc.expectText);\n      cy.get('.user-action').should('contain.text', tc.expectUser);\n    } else {\n      cy.log('ไม่พบ ' + assertion.USER_LOGIN_SINCE_ID + ' จะ reload และลองใหม่');\n      cy.reload();\n      cy.wait(1000);\n      cy.get('#username').type(tc.username, {\n        delay: 200\n      });\n      cy.wait(1000);\n      cy.get('#password').type(tc.password, {\n        delay: 200\n      });\n      cy.wait(1000);\n      cy.get('button[name=\"loginButton\"]').click();\n      cy.wait(2000);\n      cy.get(assertion.USER_LOGIN_SINCE_ID).should('contain.text', tc.expectText);\n      cy.get('.user-action').should('contain.text', tc.expectUser);\n    }\n  });\n} else {\n  cy.get('body').should('contain.text', tc.expectText).or('contain.text', 'Unknown');\n}",
              "err": {
                "message": "TypeError: cy.get(...).should(...).or is not a function",
                "estack": "TypeError: cy.get(...).should(...).or is not a function\n    at Context.eval (webpack://cypress-project/./e2e/TS_LOGIN.cy.js:54:61)",
                "diff": null
              },
              "uuid": "88c793bc-e818-422d-aaea-073415319880",
              "parentUUID": "52df5c11-d648-4767-bfca-9a4505092725",
              "isHook": false,
              "skipped": false
            }
          ],
          "suites": [],
          "passes": [
            "6dedfd58-89e2-46de-aaaa-e316bb9bb6a1"
          ],
          "failures": [
            "4b7c8206-3ee6-4c35-8db3-7f6f5306835a",
            "88c793bc-e818-422d-aaea-073415319880"
          ],
          "pending": [],
          "skipped": [],
          "duration": 21322,
          "root": false,
          "rootEmpty": false,
          "_timeout": 2000
        }
      ],
      "passes": [],
      "failures": [],
      "pending": [],
      "skipped": [],
      "duration": 0,
      "root": true,
      "rootEmpty": true,
      "_timeout": 2000
    }
  ],
  "meta": {
    "mocha": {
      "version": "7.0.1"
    },
    "mochawesome": {
      "options": {
        "quiet": false,
        "reportFilename": "mochawesome",
        "saveHtml": true,
        "saveJson": true,
        "consoleReporter": "spec",
        "useInlineDiffs": false,
        "code": true
      },
      "version": "7.1.3"
    },
    "marge": {
      "options": {
        "reportDir": "cypress/reports",
        "overwrite": false,
        "html": true,
        "json": true
      },
      "version": "6.2.0"
    }
  }
}