{
  "stats": {
    "suites": 1,
    "tests": 3,
    "passes": 0,
    "pending": 0,
    "failures": 3,
    "start": "2025-05-24T07:33:52.146Z",
    "end": "2025-05-24T07:34:21.396Z",
    "duration": 29250,
    "testsRegistered": 3,
    "passPercent": 0,
    "pendingPercent": 0,
    "other": 0,
    "hasOther": false,
    "skipped": 0,
    "hasSkipped": false
  },
  "results": [
    {
      "uuid": "fb66fd16-82c3-4fbd-aa17-a708c107e809",
      "title": "",
      "fullFile": "e2e\\TS_EMAILNOTI.cy.js",
      "file": "e2e\\TS_EMAILNOTI.cy.js",
      "beforeHooks": [],
      "afterHooks": [],
      "tests": [],
      "suites": [
        {
          "uuid": "3ecc030d-f00c-4368-8b64-3a159a6d8704",
          "title": "Emailnoti Access (Loop)",
          "fullFile": "",
          "file": "",
          "beforeHooks": [],
          "afterHooks": [],
          "tests": [
            {
              "title": "access emailnoti as boss should pass",
              "fullTitle": "Emailnoti Access (Loop) access emailnoti as boss should pass",
              "timedOut": null,
              "duration": 12025,
              "state": "failed",
              "speed": null,
              "pass": false,
              "fail": true,
              "pending": false,
              "context": null,
              "code": "// 1. Login ก่อน\ncy.visit(url.LOGIN_PAGE);\ncy.wait(1000);\ncy.get('#username').type(tc.username, {\n  delay: 200\n});\ncy.wait(1000);\ncy.get('#password').type(tc.password, {\n  delay: 200\n});\ncy.wait(1000);\ncy.get('button[name=\"loginButton\"]').click();\ncy.wait(2000);\nif (tc.expectSuccess) {\n  cy.get('body').then($body => {\n    if ($body.find(assertion.USER_LOGIN_SINCE_ID).length > 0) {\n      cy.get(assertion.USER_LOGIN_SINCE_ID).should('contain.text', tc.expectText);\n      cy.get('.user-action').should('contain.text', tc.expectUser);\n      // 2. เข้าเมนู emailnoti\n      cy.visit(url.EMAILNOTI_PAGE);\n      cy.wait(2000);\n      // 3. ตรวจสอบว่าเข้าใช้งานได้ (ไม่มี Unauthorized)\n      cy.get('body').should('not.contain.text', 'Unauthorized');\n    } else {\n      cy.log('ไม่พบ ' + assertion.USER_LOGIN_SINCE_ID + ' จะ reload และลองใหม่');\n      cy.reload();\n      cy.wait(1000);\n      cy.get('#username').type(tc.username, {\n        delay: 200\n      });\n      cy.wait(1000);\n      cy.get('#password').type(tc.password, {\n        delay: 200\n      });\n      cy.wait(1000);\n      cy.get('button[name=\"loginButton\"]').click();\n      cy.wait(2000);\n      cy.get(assertion.USER_LOGIN_SINCE_ID).should('contain.text', tc.expectText);\n      cy.get('.user-action').should('contain.text', tc.expectUser);\n      cy.visit(url.EMAILNOTI_PAGE);\n      cy.wait(2000);\n      cy.get('body').should('not.contain.text', 'Unauthorized');\n    }\n  });\n} else {\n  // ถ้า login ไม่ผ่าน ไม่ต้องเข้า emailnoti ให้ตรวจสอบข้อความผิดพลาด\n  cy.get('body').should('contain.text', tc.expectText).or('contain.text', 'Unknown');\n}",
              "err": {
                "message": "AssertionError: Timed out retrying after 4000ms: expected '[ <a.user-action>, 1 more... ]' to contain text 'boss', but the text was 'Bossออกจากระบบ'",
                "estack": "AssertionError: Timed out retrying after 4000ms: expected '[ <a.user-action>, 1 more... ]' to contain text 'boss', but the text was 'Bossออกจากระบบ'\n    at Context.eval (webpack://cypress-project/./e2e/TS_EMAILNOTI.cy.js:24:35)",
                "diff": "- 'Bossออกจากระบบ'\n+ 'boss'\n"
              },
              "uuid": "2bb3c5a6-8a02-430d-a78e-37d12d78d0c3",
              "parentUUID": "3ecc030d-f00c-4368-8b64-3a159a6d8704",
              "isHook": false,
              "skipped": false
            },
            {
              "title": "access emailnoti as pre1 should pass",
              "fullTitle": "Emailnoti Access (Loop) access emailnoti as pre1 should pass",
              "timedOut": null,
              "duration": 15505,
              "state": "failed",
              "speed": null,
              "pass": false,
              "fail": true,
              "pending": false,
              "context": null,
              "code": "// 1. Login ก่อน\ncy.visit(url.LOGIN_PAGE);\ncy.wait(1000);\ncy.get('#username').type(tc.username, {\n  delay: 200\n});\ncy.wait(1000);\ncy.get('#password').type(tc.password, {\n  delay: 200\n});\ncy.wait(1000);\ncy.get('button[name=\"loginButton\"]').click();\ncy.wait(2000);\nif (tc.expectSuccess) {\n  cy.get('body').then($body => {\n    if ($body.find(assertion.USER_LOGIN_SINCE_ID).length > 0) {\n      cy.get(assertion.USER_LOGIN_SINCE_ID).should('contain.text', tc.expectText);\n      cy.get('.user-action').should('contain.text', tc.expectUser);\n      // 2. เข้าเมนู emailnoti\n      cy.visit(url.EMAILNOTI_PAGE);\n      cy.wait(2000);\n      // 3. ตรวจสอบว่าเข้าใช้งานได้ (ไม่มี Unauthorized)\n      cy.get('body').should('not.contain.text', 'Unauthorized');\n    } else {\n      cy.log('ไม่พบ ' + assertion.USER_LOGIN_SINCE_ID + ' จะ reload และลองใหม่');\n      cy.reload();\n      cy.wait(1000);\n      cy.get('#username').type(tc.username, {\n        delay: 200\n      });\n      cy.wait(1000);\n      cy.get('#password').type(tc.password, {\n        delay: 200\n      });\n      cy.wait(1000);\n      cy.get('button[name=\"loginButton\"]').click();\n      cy.wait(2000);\n      cy.get(assertion.USER_LOGIN_SINCE_ID).should('contain.text', tc.expectText);\n      cy.get('.user-action').should('contain.text', tc.expectUser);\n      cy.visit(url.EMAILNOTI_PAGE);\n      cy.wait(2000);\n      cy.get('body').should('not.contain.text', 'Unauthorized');\n    }\n  });\n} else {\n  // ถ้า login ไม่ผ่าน ไม่ต้องเข้า emailnoti ให้ตรวจสอบข้อความผิดพลาด\n  cy.get('body').should('contain.text', tc.expectText).or('contain.text', 'Unknown');\n}",
              "err": {
                "message": "CypressError: Timed out retrying after 4000ms: The command was expected to run against origin `https://sitnbs.thaisamut.co.th` but the application is at origin `https://intranet-api.ochi.link`.\n\nThis commonly happens when you have either not navigated to the expected origin or have navigated away unexpectedly.\n\nUsing `cy.origin()` to wrap the commands run on `https://intranet-api.ochi.link` will likely fix this issue.\n\n`cy.origin('https://intranet-api.ochi.link', () => {`\n`  <commands targeting https://intranet-api.ochi.link go here>`\n`})`\n\nhttps://on.cypress.io/cy-visit-succeeded-but-commands-fail",
                "estack": "CypressError: Timed out retrying after 4000ms: The command was expected to run against origin `https://sitnbs.thaisamut.co.th` but the application is at origin `https://intranet-api.ochi.link`.\n\nThis commonly happens when you have either not navigated to the expected origin or have navigated away unexpectedly.\n\nUsing `cy.origin()` to wrap the commands run on `https://intranet-api.ochi.link` will likely fix this issue.\n\n`cy.origin('https://intranet-api.ochi.link', () => {`\n`  <commands targeting https://intranet-api.ochi.link go here>`\n`})`\n\nhttps://on.cypress.io/cy-visit-succeeded-but-commands-fail\n    at cypressErr (https://sitnbs.thaisamut.co.th/__cypress/runner/cypress_runner.js:75187:18)\n    at Object.errByPath (https://sitnbs.thaisamut.co.th/__cypress/runner/cypress_runner.js:75242:10)\n    at Object.commandCanCommunicateWithAUT (https://sitnbs.thaisamut.co.th/__cypress/runner/cypress_runner.js:144477:90)\n    at <unknown> (https://sitnbs.thaisamut.co.th/__cypress/runner/cypress_runner.js:131462:22)\n    at Object.subjectFn (https://sitnbs.thaisamut.co.th/__cypress/runner/cypress_runner.js:143314:16)\n    at $Cy.verifyUpcomingAssertions (https://sitnbs.thaisamut.co.th/__cypress/runner/cypress_runner.js:142658:31)\n    at onRetry (https://sitnbs.thaisamut.co.th/__cypress/runner/cypress_runner.js:143305:15)\n    at tryCatcher (https://sitnbs.thaisamut.co.th/__cypress/runner/cypress_runner.js:1807:23)\n    at Promise.attempt.Promise.try (https://sitnbs.thaisamut.co.th/__cypress/runner/cypress_runner.js:4315:29)\n    at whenStable (https://sitnbs.thaisamut.co.th/__cypress/runner/cypress_runner.js:143192:68)\n    at <unknown> (https://sitnbs.thaisamut.co.th/__cypress/runner/cypress_runner.js:143133:14)\n    at tryCatcher (https://sitnbs.thaisamut.co.th/__cypress/runner/cypress_runner.js:1807:23)\n    at Promise._settlePromiseFromHandler (https://sitnbs.thaisamut.co.th/__cypress/runner/cypress_runner.js:1519:31)\n    at Promise._settlePromise (https://sitnbs.thaisamut.co.th/__cypress/runner/cypress_runner.js:1576:18)\n    at Promise._settlePromise0 (https://sitnbs.thaisamut.co.th/__cypress/runner/cypress_runner.js:1621:10)\n    at Promise._settlePromises (https://sitnbs.thaisamut.co.th/__cypress/runner/cypress_runner.js:1701:18)\n    at Promise._fulfill (https://sitnbs.thaisamut.co.th/__cypress/runner/cypress_runner.js:1645:18)\n    at <unknown> (https://sitnbs.thaisamut.co.th/__cypress/runner/cypress_runner.js:5450:46)\nFrom Your Spec Code:\n    at Context.eval (webpack://cypress-project/./e2e/TS_EMAILNOTI.cy.js:29:15)",
                "diff": null
              },
              "uuid": "f0cefd48-f02f-4931-bc33-440bcab231bd",
              "parentUUID": "3ecc030d-f00c-4368-8b64-3a159a6d8704",
              "isHook": false,
              "skipped": false
            },
            {
              "title": "access emailnoti as xxx should fail",
              "fullTitle": "Emailnoti Access (Loop) access emailnoti as xxx should fail",
              "timedOut": null,
              "duration": 208,
              "state": "failed",
              "speed": null,
              "pass": false,
              "fail": true,
              "pending": false,
              "context": null,
              "code": "// 1. Login ก่อน\ncy.visit(url.LOGIN_PAGE);\ncy.wait(1000);\ncy.get('#username').type(tc.username, {\n  delay: 200\n});\ncy.wait(1000);\ncy.get('#password').type(tc.password, {\n  delay: 200\n});\ncy.wait(1000);\ncy.get('button[name=\"loginButton\"]').click();\ncy.wait(2000);\nif (tc.expectSuccess) {\n  cy.get('body').then($body => {\n    if ($body.find(assertion.USER_LOGIN_SINCE_ID).length > 0) {\n      cy.get(assertion.USER_LOGIN_SINCE_ID).should('contain.text', tc.expectText);\n      cy.get('.user-action').should('contain.text', tc.expectUser);\n      // 2. เข้าเมนู emailnoti\n      cy.visit(url.EMAILNOTI_PAGE);\n      cy.wait(2000);\n      // 3. ตรวจสอบว่าเข้าใช้งานได้ (ไม่มี Unauthorized)\n      cy.get('body').should('not.contain.text', 'Unauthorized');\n    } else {\n      cy.log('ไม่พบ ' + assertion.USER_LOGIN_SINCE_ID + ' จะ reload และลองใหม่');\n      cy.reload();\n      cy.wait(1000);\n      cy.get('#username').type(tc.username, {\n        delay: 200\n      });\n      cy.wait(1000);\n      cy.get('#password').type(tc.password, {\n        delay: 200\n      });\n      cy.wait(1000);\n      cy.get('button[name=\"loginButton\"]').click();\n      cy.wait(2000);\n      cy.get(assertion.USER_LOGIN_SINCE_ID).should('contain.text', tc.expectText);\n      cy.get('.user-action').should('contain.text', tc.expectUser);\n      cy.visit(url.EMAILNOTI_PAGE);\n      cy.wait(2000);\n      cy.get('body').should('not.contain.text', 'Unauthorized');\n    }\n  });\n} else {\n  // ถ้า login ไม่ผ่าน ไม่ต้องเข้า emailnoti ให้ตรวจสอบข้อความผิดพลาด\n  cy.get('body').should('contain.text', tc.expectText).or('contain.text', 'Unknown');\n}",
              "err": {
                "message": "TypeError: cy.get(...).should(...).or is not a function",
                "estack": "TypeError: cy.get(...).should(...).or is not a function\n    at Context.eval (webpack://cypress-project/./e2e/TS_EMAILNOTI.cy.js:49:61)",
                "diff": null
              },
              "uuid": "dae32ed2-401a-4731-8f0f-d225166b1855",
              "parentUUID": "3ecc030d-f00c-4368-8b64-3a159a6d8704",
              "isHook": false,
              "skipped": false
            }
          ],
          "suites": [],
          "passes": [],
          "failures": [
            "2bb3c5a6-8a02-430d-a78e-37d12d78d0c3",
            "f0cefd48-f02f-4931-bc33-440bcab231bd",
            "dae32ed2-401a-4731-8f0f-d225166b1855"
          ],
          "pending": [],
          "skipped": [],
          "duration": 27738,
          "root": false,
          "rootEmpty": false,
          "_timeout": 2000
        }
      ],
      "passes": [],
      "failures": [],
      "pending": [],
      "skipped": [],
      "duration": 0,
      "root": true,
      "rootEmpty": true,
      "_timeout": 2000
    }
  ],
  "meta": {
    "mocha": {
      "version": "7.0.1"
    },
    "mochawesome": {
      "options": {
        "quiet": false,
        "reportFilename": "mochawesome",
        "saveHtml": true,
        "saveJson": true,
        "consoleReporter": "spec",
        "useInlineDiffs": false,
        "code": true
      },
      "version": "7.1.3"
    },
    "marge": {
      "options": {
        "reportDir": "cypress/reports",
        "overwrite": false,
        "html": true,
        "json": true
      },
      "version": "6.2.0"
    }
  }
}